Sender: LSF System <lsfadmin@lh06c08>
Subject: Job 123113070: <SparCC_twinsra_test> in cluster <chimera> Done

Job <SparCC_twinsra_test> was submitted from host <li03c03.chimera.hpc.mssm.edu> by user <buk02> in cluster <chimera> at Wed Apr 10 16:32:38 2024
Job was executed on host(s) <lh06c08>, in queue <premium>, as user <buk02> in cluster <chimera> at Wed Apr 10 16:32:41 2024
</hpc/users/buk02> was used as the home directory.
</sc/arion/projects/clemej05a/kevin/Repositories/SparCC> was used as the working directory.
Started at Wed Apr 10 16:32:41 2024
Terminated at Wed Apr 10 16:33:27 2024
Results reported at Wed Apr 10 16:33:27 2024

Your job looked like:

------------------------------------------------------------
# LSBATCH: User input
#!/bin/bash
#BSUB -q premium
#BSUB -W 24:00
#BSUB -J SparCC_twinsra_test
#BSUB -P acc_clemej05a
#BSUB -n 1
#BSUB -R rusage[mem=250000]
#BSUB -o %J.stdout
#BSUB -eo %J.stderr
#BSUB -L /bin/bash

module load anaconda3;
source activate SparCC-env;
python General_Execution.py

------------------------------------------------------------

Successfully completed.

Resource usage summary:

    CPU time :                                   25.12 sec.
    Max Memory :                                 208 MB
    Average Memory :                             88.62 MB
    Total Requested Memory :                     250000.00 MB
    Delta Memory :                               249792.00 MB
    Max Swap :                                   -
    Max Processes :                              5
    Max Threads :                                11
    Run time :                                   45 sec.
    Turnaround time :                            49 sec.

The output (if any) follows:


Finished parsing table.
Table dimensions, num_rows: 16 & num_colums: 690
**** Data has been transposed! ****
	Running iteration 0
	Running iteration 1
Shape of Correlation Matrix: (690, 690)
Shape of Covariance Matrix: (690, 690)
Ok

Finished parsing table.
Table dimensions, num_rows: 16 & num_colums: 690
**** Data has been transposed! ****
Permutations

Finished parsing table.
Table dimensions, num_rows: 16 & num_colums: 690
**** Data has been transposed! ****
	Running iteration 0
	Running iteration 1
Shape of Correlation Matrix: (690, 690)
Shape of Covariance Matrix: (690, 690)
Ok

Finished parsing table.
Table dimensions, num_rows: 16 & num_colums: 690
**** Data has been transposed! ****
	Running iteration 0
	Running iteration 1
Shape of Correlation Matrix: (690, 690)
Shape of Covariance Matrix: (690, 690)
Ok

Finished parsing table.
Table dimensions, num_rows: 16 & num_colums: 690
**** Data has been transposed! ****
	Running iteration 0
	Running iteration 1
Shape of Correlation Matrix: (690, 690)
Shape of Covariance Matrix: (690, 690)
Ok

Finished parsing table.
Table dimensions, num_rows: 690 & num_colums: 690
**** Data has been transposed! ****
Shape of Corr:(690, 690)

Finished parsing table.
Table dimensions, num_rows: 690 & num_colums: 690
**** Data has been transposed! ****

Finished parsing table.
Table dimensions, num_rows: 690 & num_colums: 690
**** Data has been transposed! ****

Finished parsing table.
Table dimensions, num_rows: 690 & num_colums: 690
**** Data has been transposed! ****
####################################################################################################
Iteration: 0
####################################################################################################
Iteration: 1
####################################################################################################
Iteration: 2
####################################################################################################
                                                  Execution Ended                                                  
####################################################################################################


PS:

Read file <123113070.stderr> for stderr output of this job.

