/sc/arion/projects/clemej05a/kevin/test-env/envs/SparCC-env/lib/python3.8/site-packages/dask/dataframe/utils.py:366: FutureWarning: pandas.Int64Index is deprecated and will be removed from pandas in a future version. Use pandas.Index with the appropriate dtype instead.
  _numeric_index_types = (pd.Int64Index, pd.Float64Index, pd.UInt64Index)
/sc/arion/projects/clemej05a/kevin/test-env/envs/SparCC-env/lib/python3.8/site-packages/dask/dataframe/utils.py:366: FutureWarning: pandas.Float64Index is deprecated and will be removed from pandas in a future version. Use pandas.Index with the appropriate dtype instead.
  _numeric_index_types = (pd.Int64Index, pd.Float64Index, pd.UInt64Index)
/sc/arion/projects/clemej05a/kevin/test-env/envs/SparCC-env/lib/python3.8/site-packages/dask/dataframe/utils.py:366: FutureWarning: pandas.UInt64Index is deprecated and will be removed from pandas in a future version. Use pandas.Index with the appropriate dtype instead.
  _numeric_index_types = (pd.Int64Index, pd.Float64Index, pd.UInt64Index)
INFO - 04/10/24 16:33:04 - 0:00:00 - ============ Initialized logger ============
INFO - 04/10/24 16:33:04 - 0:00:00 - data_input: twinsra_test/metaphlan_taxa_table_abs.txt
                                     log: True
                                     method: sparcc
                                     n_iter: 2
                                     name: twsinra_test
                                     norm: dirichlet
                                     path_corr_file: ./data/corr_files
                                     path_cov_file: ./data/cov_files
                                     save_cor: twinsra_test/cor_sparcc.csv
                                     save_cov: None
                                     savedir: ./data
                                     threshold: 0.1
                                     verbose: True
                                     x_iter: 2
INFO - 04/10/24 16:33:04 - 0:00:00 - Start of Process
INFO - 04/10/24 16:33:04 - 0:00:00 - Loading the file twinsra_test/metaphlan_taxa_table_abs.txt
INFO - 04/10/24 16:33:04 - 0:00:00 - Data loading done.
INFO - 04/10/24 16:33:04 - 0:00:00 - Calculation started
INFO - 04/10/24 16:33:04 - 0:00:00 - Running iteration 0
INFO - 04/10/24 16:33:08 - 0:00:04 - Running iteration 1
INFO - 04/10/24 16:33:08 - 0:00:04 - Processing the files from data directory
INFO - 04/10/24 16:33:08 - 0:00:04 - The main process has finished
INFO - 04/10/24 16:33:08 - 0:00:04 - Calculation done!
INFO - 04/10/24 16:33:08 - 0:00:04 - Saving Correlation file in twinsra_test/cor_sparcc.csv
INFO - 04/10/24 16:33:09 - 0:00:05 - Clean Folder
INFO - 04/10/24 16:33:09 - 0:00:05 - Finished
/sc/arion/projects/clemej05a/kevin/test-env/envs/SparCC-env/lib/python3.8/site-packages/dask/dataframe/utils.py:366: FutureWarning: pandas.Int64Index is deprecated and will be removed from pandas in a future version. Use pandas.Index with the appropriate dtype instead.
  _numeric_index_types = (pd.Int64Index, pd.Float64Index, pd.UInt64Index)
/sc/arion/projects/clemej05a/kevin/test-env/envs/SparCC-env/lib/python3.8/site-packages/dask/dataframe/utils.py:366: FutureWarning: pandas.Float64Index is deprecated and will be removed from pandas in a future version. Use pandas.Index with the appropriate dtype instead.
  _numeric_index_types = (pd.Int64Index, pd.Float64Index, pd.UInt64Index)
/sc/arion/projects/clemej05a/kevin/test-env/envs/SparCC-env/lib/python3.8/site-packages/dask/dataframe/utils.py:366: FutureWarning: pandas.UInt64Index is deprecated and will be removed from pandas in a future version. Use pandas.Index with the appropriate dtype instead.
  _numeric_index_types = (pd.Int64Index, pd.Float64Index, pd.UInt64Index)
INFO - 04/10/24 16:33:11 - 0:00:00 - ============ Initialized logger ============
INFO - 04/10/24 16:33:11 - 0:00:00 - data_input: twinsra_test/pvals/permutation_0.csv
                                     log: True
                                     method: sparcc
                                     n_iter: 2
                                     name: twsinra_test
                                     norm: dirichlet
                                     path_corr_file: ./data/corr_files
                                     path_cov_file: ./data/cov_files
                                     save_cor: twinsra_test/pvals/perm_cor_0.csv
                                     save_cov: None
                                     savedir: ./data
                                     threshold: 0.1
                                     verbose: True
                                     x_iter: 2
INFO - 04/10/24 16:33:11 - 0:00:00 - Start of Process
INFO - 04/10/24 16:33:11 - 0:00:00 - Loading the file twinsra_test/pvals/permutation_0.csv
INFO - 04/10/24 16:33:11 - 0:00:00 - Data loading done.
INFO - 04/10/24 16:33:11 - 0:00:00 - Calculation started
INFO - 04/10/24 16:33:11 - 0:00:00 - Running iteration 0
INFO - 04/10/24 16:33:14 - 0:00:02 - Running iteration 1
INFO - 04/10/24 16:33:14 - 0:00:03 - Processing the files from data directory
INFO - 04/10/24 16:33:14 - 0:00:03 - The main process has finished
INFO - 04/10/24 16:33:14 - 0:00:03 - Calculation done!
INFO - 04/10/24 16:33:14 - 0:00:03 - Saving Correlation file in twinsra_test/pvals/perm_cor_0.csv
INFO - 04/10/24 16:33:15 - 0:00:04 - Clean Folder
INFO - 04/10/24 16:33:15 - 0:00:04 - Finished
/sc/arion/projects/clemej05a/kevin/test-env/envs/SparCC-env/lib/python3.8/site-packages/dask/dataframe/utils.py:366: FutureWarning: pandas.Int64Index is deprecated and will be removed from pandas in a future version. Use pandas.Index with the appropriate dtype instead.
  _numeric_index_types = (pd.Int64Index, pd.Float64Index, pd.UInt64Index)
/sc/arion/projects/clemej05a/kevin/test-env/envs/SparCC-env/lib/python3.8/site-packages/dask/dataframe/utils.py:366: FutureWarning: pandas.Float64Index is deprecated and will be removed from pandas in a future version. Use pandas.Index with the appropriate dtype instead.
  _numeric_index_types = (pd.Int64Index, pd.Float64Index, pd.UInt64Index)
/sc/arion/projects/clemej05a/kevin/test-env/envs/SparCC-env/lib/python3.8/site-packages/dask/dataframe/utils.py:366: FutureWarning: pandas.UInt64Index is deprecated and will be removed from pandas in a future version. Use pandas.Index with the appropriate dtype instead.
  _numeric_index_types = (pd.Int64Index, pd.Float64Index, pd.UInt64Index)
INFO - 04/10/24 16:33:16 - 0:00:00 - ============ Initialized logger ============
INFO - 04/10/24 16:33:16 - 0:00:00 - data_input: twinsra_test/pvals/permutation_1.csv
                                     log: True
                                     method: sparcc
                                     n_iter: 2
                                     name: twsinra_test
                                     norm: dirichlet
                                     path_corr_file: ./data/corr_files
                                     path_cov_file: ./data/cov_files
                                     save_cor: twinsra_test/pvals/perm_cor_1.csv
                                     save_cov: None
                                     savedir: ./data
                                     threshold: 0.1
                                     verbose: True
                                     x_iter: 2
INFO - 04/10/24 16:33:16 - 0:00:00 - Start of Process
INFO - 04/10/24 16:33:16 - 0:00:00 - Loading the file twinsra_test/pvals/permutation_1.csv
INFO - 04/10/24 16:33:16 - 0:00:00 - Data loading done.
INFO - 04/10/24 16:33:16 - 0:00:00 - Calculation started
INFO - 04/10/24 16:33:16 - 0:00:00 - Running iteration 0
INFO - 04/10/24 16:33:19 - 0:00:02 - Running iteration 1
INFO - 04/10/24 16:33:19 - 0:00:03 - Processing the files from data directory
INFO - 04/10/24 16:33:19 - 0:00:03 - The main process has finished
INFO - 04/10/24 16:33:19 - 0:00:03 - Calculation done!
INFO - 04/10/24 16:33:19 - 0:00:03 - Saving Correlation file in twinsra_test/pvals/perm_cor_1.csv
INFO - 04/10/24 16:33:20 - 0:00:03 - Clean Folder
INFO - 04/10/24 16:33:20 - 0:00:03 - Finished
/sc/arion/projects/clemej05a/kevin/test-env/envs/SparCC-env/lib/python3.8/site-packages/dask/dataframe/utils.py:366: FutureWarning: pandas.Int64Index is deprecated and will be removed from pandas in a future version. Use pandas.Index with the appropriate dtype instead.
  _numeric_index_types = (pd.Int64Index, pd.Float64Index, pd.UInt64Index)
/sc/arion/projects/clemej05a/kevin/test-env/envs/SparCC-env/lib/python3.8/site-packages/dask/dataframe/utils.py:366: FutureWarning: pandas.Float64Index is deprecated and will be removed from pandas in a future version. Use pandas.Index with the appropriate dtype instead.
  _numeric_index_types = (pd.Int64Index, pd.Float64Index, pd.UInt64Index)
/sc/arion/projects/clemej05a/kevin/test-env/envs/SparCC-env/lib/python3.8/site-packages/dask/dataframe/utils.py:366: FutureWarning: pandas.UInt64Index is deprecated and will be removed from pandas in a future version. Use pandas.Index with the appropriate dtype instead.
  _numeric_index_types = (pd.Int64Index, pd.Float64Index, pd.UInt64Index)
INFO - 04/10/24 16:33:21 - 0:00:00 - ============ Initialized logger ============
INFO - 04/10/24 16:33:21 - 0:00:00 - data_input: twinsra_test/pvals/permutation_2.csv
                                     log: True
                                     method: sparcc
                                     n_iter: 2
                                     name: twsinra_test
                                     norm: dirichlet
                                     path_corr_file: ./data/corr_files
                                     path_cov_file: ./data/cov_files
                                     save_cor: twinsra_test/pvals/perm_cor_2.csv
                                     save_cov: None
                                     savedir: ./data
                                     threshold: 0.1
                                     verbose: True
                                     x_iter: 2
INFO - 04/10/24 16:33:21 - 0:00:00 - Start of Process
INFO - 04/10/24 16:33:21 - 0:00:00 - Loading the file twinsra_test/pvals/permutation_2.csv
INFO - 04/10/24 16:33:21 - 0:00:00 - Data loading done.
INFO - 04/10/24 16:33:21 - 0:00:00 - Calculation started
INFO - 04/10/24 16:33:21 - 0:00:00 - Running iteration 0
INFO - 04/10/24 16:33:24 - 0:00:02 - Running iteration 1
INFO - 04/10/24 16:33:24 - 0:00:03 - Processing the files from data directory
INFO - 04/10/24 16:33:24 - 0:00:03 - The main process has finished
INFO - 04/10/24 16:33:24 - 0:00:03 - Calculation done!
INFO - 04/10/24 16:33:24 - 0:00:03 - Saving Correlation file in twinsra_test/pvals/perm_cor_2.csv
INFO - 04/10/24 16:33:25 - 0:00:03 - Clean Folder
INFO - 04/10/24 16:33:25 - 0:00:03 - Finished
